<?xml version="1.0" encoding="UTF-8"?>
<!-- Generated by org.testng.reporters.JUnitReportReporter -->
<testsuite hostname="sneha" failures="0" tests="2" name="testclasses.LoginTestorangehrm" time="5.253" errors="0" timestamp="2022-08-10T13:22:12 IST" skipped="0">
  <testcase classname="testclasses.LoginTestorangehrm" name="loginorghrm" time="5.245"/>
  <system-out/>
  <testcase classname="testclasses.LoginTestorangehrm" name="gettitle" time="0.008"/>
  <system-out/>
</testsuite> <!-- testclasses.LoginTestorangehrm -->
