<?xml version="1.0" encoding="UTF-8"?>
<!-- Generated by org.testng.reporters.JUnitReportReporter -->
<testsuite hostname="sneha" failures="0" tests="2" name="testclasses.Searchproducttest" time="0.817" errors="0" timestamp="2022-08-23T19:29:58 IST" skipped="0">
  <testcase classname="testclasses.Searchproducttest" name="fetchtitle" time="0.012"/>
  <system-out/>
  <testcase classname="testclasses.Searchproducttest" name="selectproduct" time="0.805"/>
  <system-out/>
</testsuite> <!-- testclasses.Searchproducttest -->
